<?xml version="1.0" encoding="UTF-8"?>
<testng-results ignored="0" total="1" passed="1" failed="0" skipped="0">
  <reporter-output>
  </reporter-output>
  <suite started-at="2024-03-02T19:24:38 EET" name="Default suite" finished-at="2024-03-02T19:24:57 EET" duration-ms="18641">
    <groups>
    </groups>
    <test started-at="2024-03-02T19:24:38 EET" name="Default test" finished-at="2024-03-02T19:24:57 EET" duration-ms="18641">
      <class name="testingFiles.SqrtNumber">
        <test-method is-config="true" signature="setup()[pri:0, instance:testingFiles.SqrtNumber@49139829]" started-at="2024-03-02T19:24:38 EET" name="setup" finished-at="2024-03-02T19:24:38 EET" duration-ms="42" status="PASS">
          <reporter-output>
          </reporter-output>
        </test-method> <!-- setup -->
        <test-method signature="addNumbers()[pri:0, instance:testingFiles.SqrtNumber@49139829]" started-at="2024-03-02T19:24:38 EET" name="addNumbers" description="Sqrt Numbers Functionality" finished-at="2024-03-02T19:24:57 EET" duration-ms="18511" status="PASS">
          <reporter-output>
          </reporter-output>
        </test-method> <!-- addNumbers -->
        <test-method is-config="true" signature="myAfter()[pri:0, instance:testingFiles.SqrtNumber@49139829]" started-at="2024-03-02T19:24:57 EET" name="myAfter" finished-at="2024-03-02T19:24:57 EET" duration-ms="1" status="PASS">
          <reporter-output>
          </reporter-output>
        </test-method> <!-- myAfter -->
      </class> <!-- testingFiles.SqrtNumber -->
    </test> <!-- Default test -->
  </suite> <!-- Default suite -->
</testng-results>
